<?xml version="1.0" encoding="UTF-8"?>
<!-- Generated by org.testng.reporters.JUnitReportReporter -->
<testsuite hostname="DESKTOP-SEFEUI6" failures="0" tests="2" name="api.test.DDTests" time="0.000" errors="0" timestamp="2024-08-23T10:07:19 IST" skipped="2">
  <testcase classname="api.test.DDTests" name="testPostUser" time="0.000">
    <skipped/>
  </testcase> <!-- testPostUser -->
  <system-out/>
  <testcase classname="api.test.DDTests" name="testDeleteUserByName" time="0.000">
    <skipped/>
  </testcase> <!-- testDeleteUserByName -->
  <system-out/>
</testsuite> <!-- api.test.DDTests -->
