<?xml version="1.0" encoding="UTF-8"?>
<!-- Generated by org.testng.reporters.JUnitReportReporter -->
<testsuite hostname="DESKTOP-SEFEUI6" failures="0" tests="4" name="api.test.UserTests" time="10.821" errors="0" timestamp="2024-08-24T10:27:45 IST" skipped="0">
  <testcase classname="api.test.UserTests" name="testDeleteUserByName" time="4.111"/>
  <system-out/>
  <testcase classname="api.test.UserTests" name="testPostUser" time="1.954"/>
  <system-out/>
  <testcase classname="api.test.UserTests" name="testGetUserByName" time="1.522"/>
  <system-out/>
  <testcase classname="api.test.UserTests" name="testUdateUserByName" time="3.234"/>
  <system-out/>
</testsuite> <!-- api.test.UserTests -->
