<?xml version="1.0" encoding="UTF-8"?>
<!-- Generated by org.testng.reporters.JUnitReportReporter -->
<testsuite hostname="DESKTOP-SEFEUI6" failures="0" tests="4" name="api.test.UserTests" time="11.974" errors="0" timestamp="2024-08-24T10:57:29 IST" skipped="0">
  <testcase classname="api.test.UserTests" name="testDeleteUserByName" time="5.013"/>
  <testcase classname="api.test.UserTests" name="testPostUser" time="1.935"/>
  <testcase classname="api.test.UserTests" name="testGetUserByName" time="1.831"/>
  <testcase classname="api.test.UserTests" name="testUdateUserByName" time="3.195"/>
</testsuite> <!-- api.test.UserTests -->
